<?xml version="1.0" encoding="UTF-8"?>
<!-- Generated by org.testng.reporters.JUnitXMLReporter -->
<testsuite ignored="0" hostname="DESKTOP-B9HQEPC" failures="0" tests="1" name="Library-RestAssured" time="0.221" errors="0" timestamp="2025-05-18T22:25:49 EEST">
  <testcase classname="testcases.TestBase" name="@BeforeTest setUrl" time="-1.747596349065E9">
    <failure type="org.testng.TestNGException" message="
Parameter &amp;apos;env&amp;apos; is required by BeforeTest on method setUrl but has not been marked @Optional or defined
in C:\Users\ALANDALUS\AppData\Local\JetBrains\IdeaIC2024.3\temp-testng-customsuite.xml">
      <![CDATA[org.testng.TestNGException: 
Parameter 'env' is required by BeforeTest on method setUrl but has not been marked @Optional or defined
in C:\Users\ALANDALUS\AppData\Local\JetBrains\IdeaIC2024.3\temp-testng-customsuite.xml
at com.intellij.rt.testng.IDEARemoteTestNG.run(IDEARemoteTestNG.java:65)
at com.intellij.rt.testng.RemoteTestNGStarter.main(RemoteTestNGStarter.java:105)
... Removed 18 stack frames]]>
    </failure>
  </testcase> <!-- @BeforeTest setUrl -->
  <testcase classname="testcases.books.TC01_CreateNewBook" name="verifyCreateNewBook_P" time="0.0">
    <skipped/>
  </testcase> <!-- verifyCreateNewBook_P -->
</testsuite> <!-- Library-RestAssured -->
