<?xml version="1.0" encoding="UTF-8"?>
<!-- Generated by org.testng.reporters.JUnitXMLReporter -->
<testsuite ignored="4" hostname="DESKTOP-B9HQEPC" failures="0" tests="6" name="Create New Book and reterive data after creating" time="0.434" errors="0" timestamp="2025-05-18T21:49:10 EEST">
  <testcase classname="testcases.TestBase" name="@BeforeTest setUrl" time="-1.747594150121E9">
    <failure type="org.testng.TestNGException" message="
Parameter &amp;apos;env&amp;apos; is required by BeforeTest on method setUrl but has not been marked @Optional or defined
in G:\Rest-Postman-Course\Rest-Assured\Library-RestAssured\src\test\resources\suites\Book-Sprint-1.xml">
      <![CDATA[org.testng.TestNGException: 
Parameter 'env' is required by BeforeTest on method setUrl but has not been marked @Optional or defined
in G:\Rest-Postman-Course\Rest-Assured\Library-RestAssured\src\test\resources\suites\Book-Sprint-1.xml
at org.testng.internal.Parameters.createParams(Parameters.java:264)
at org.testng.internal.Parameters.createParametersForMethod(Parameters.java:352)
at org.testng.internal.Parameters.createParameters(Parameters.java:690)
at org.testng.internal.Parameters.createConfigurationParameters(Parameters.java:163)
at org.testng.internal.invokers.ConfigInvoker.invokeConfigurations(ConfigInvoker.java:313)
at org.testng.TestRunner.invokeTestConfigurations(TestRunner.java:657)
at org.testng.TestRunner.beforeRun(TestRunner.java:646)
at org.testng.TestRunner.run(TestRunner.java:612)
at org.testng.SuiteRunner.runTest(SuiteRunner.java:421)
at org.testng.SuiteRunner.runSequentially(SuiteRunner.java:413)
at org.testng.SuiteRunner.privateRun(SuiteRunner.java:373)
at org.testng.SuiteRunner.run(SuiteRunner.java:312)
at org.testng.SuiteRunnerWorker.runSuite(SuiteRunnerWorker.java:52)
at org.testng.SuiteRunnerWorker.run(SuiteRunnerWorker.java:95)
at org.testng.TestNG.runSuitesSequentially(TestNG.java:1274)
at org.testng.TestNG.runSuitesLocally(TestNG.java:1208)
at org.testng.TestNG.runSuites(TestNG.java:1112)
at org.testng.TestNG.run(TestNG.java:1079)
at com.intellij.rt.testng.IDEARemoteTestNG.run(IDEARemoteTestNG.java:65)
at com.intellij.rt.testng.RemoteTestNGStarter.main(RemoteTestNGStarter.java:105)
]]>
    </failure>
  </testcase> <!-- @BeforeTest setUrl -->
  <testcase classname="testcases.books.TC01_CreateNewBook" name="verifyCreateNewBook_P" time="0.0">
    <skipped/>
  </testcase> <!-- verifyCreateNewBook_P -->
  <testcase classname="testcases.books.TC02_GetBookById" name="verifyGetBookById_P" time="0.0">
    <skipped/>
  </testcase> <!-- verifyGetBookById_P -->
  <testcase classname="testcases.books.TC03_UpdateBook" name="verifyUpdateBook_P" time="0.0">
    <skipped/>
  </testcase> <!-- verifyUpdateBook_P -->
  <testcase classname="testcases.books.TC04_PartialUpdateBook" name="verifyPartialUpdateBook_P" time="0.0">
    <skipped/>
  </testcase> <!-- verifyPartialUpdateBook_P -->
  <testcase classname="testcases.books.TC05_DeleteBook" name="verifyDeleteBook_P" time="0.0">
    <skipped/>
  </testcase> <!-- verifyDeleteBook_P -->
  <testcase classname="testcases.books.TC02_GetBookById" name="verifyGetBookByIdAfterDeleting_P" time="0.0">
    <skipped/>
  </testcase> <!-- verifyGetBookByIdAfterDeleting_P -->
  <testcase classname="testcases.TestBase" name="@BeforeTest setUrl" time="0.0">
    <ignored/>
  </testcase> <!-- @BeforeTest setUrl -->
  <testcase classname="testcases.TestBase" name="@BeforeTest setUrl" time="0.0">
    <ignored/>
  </testcase> <!-- @BeforeTest setUrl -->
  <testcase classname="testcases.TestBase" name="@BeforeTest setUrl" time="0.0">
    <ignored/>
  </testcase> <!-- @BeforeTest setUrl -->
  <testcase classname="testcases.TestBase" name="@BeforeTest setUrl" time="0.0">
    <ignored/>
  </testcase> <!-- @BeforeTest setUrl -->
</testsuite> <!-- Create New Book and reterive data after creating -->
